<?xml version="1.0" encoding="UTF-8"?>
<testsuite xmlns:xsi="http://www.w3.org/2001/XMLSchema-instance" xsi:noNamespaceSchemaLocation="https://maven.apache.org/surefire/maven-surefire-plugin/xsd/surefire-test-report.xsd" name="com.ljq.AppTest" time="0.034" tests="1" errors="0" skipped="0" failures="0">
  <properties>
    <property name="sun.desktop" value="windows"/>
    <property name="awt.toolkit" value="sun.awt.windows.WToolkit"/>
    <property name="file.encoding.pkg" value="sun.io"/>
    <property name="java.specification.version" value="1.8"/>
    <property name="sun.cpu.isalist" value="amd64"/>
    <property name="sun.jnu.encoding" value="GBK"/>
    <property name="java.class.path" value="D:\java\workspace\MyRPC\rpc-server\rpc-server-provider\target\test-classes;D:\java\workspace\MyRPC\rpc-server\rpc-server-provider\target\classes;d:\maven\repository\junit\junit\4.11\junit-4.11.jar;d:\maven\repository\org\hamcrest\hamcrest-core\1.3\hamcrest-core-1.3.jar;D:\java\workspace\MyRPC\rpc-server\rpc-server-api\target\rpc-server-api-1.0-SNAPSHOT.jar;"/>
    <property name="java.vm.vendor" value="Oracle Corporation"/>
    <property name="sun.arch.data.model" value="64"/>
    <property name="user.variant" value=""/>
    <property name="java.vendor.url" value="http://java.oracle.com/"/>
    <property name="user.timezone" value="Asia/Shanghai"/>
    <property name="java.vm.specification.version" value="1.8"/>
    <property name="os.name" value="Windows 10"/>
    <property name="user.country" value="CN"/>
    <property name="sun.java.launcher" value="SUN_STANDARD"/>
    <property name="sun.boot.library.path" value="D:\Program Files\Java\jdk1.8.0_144\jre\bin"/>
    <property name="sun.java.command" value="C:\Users\ljq\AppData\Local\Temp\surefire1258204307983884970\surefirebooter5945452004412888240.jar C:\Users\ljq\AppData\Local\Temp\surefire1258204307983884970 2020-06-03T21-56-22_776-jvmRun1 surefire5268727073063578695tmp surefire_1377906122226163002tmp"/>
    <property name="surefire.test.class.path" value="D:\java\workspace\MyRPC\rpc-server\rpc-server-provider\target\test-classes;D:\java\workspace\MyRPC\rpc-server\rpc-server-provider\target\classes;d:\maven\repository\junit\junit\4.11\junit-4.11.jar;d:\maven\repository\org\hamcrest\hamcrest-core\1.3\hamcrest-core-1.3.jar;D:\java\workspace\MyRPC\rpc-server\rpc-server-api\target\rpc-server-api-1.0-SNAPSHOT.jar;"/>
    <property name="sun.cpu.endian" value="little"/>
    <property name="user.home" value="C:\Users\ljq"/>
    <property name="user.language" value="zh"/>
    <property name="java.specification.vendor" value="Oracle Corporation"/>
    <property name="java.home" value="D:\Program Files\Java\jdk1.8.0_144\jre"/>
    <property name="basedir" value="D:\java\workspace\MyRPC\rpc-server\rpc-server-provider"/>
    <property name="file.separator" value="\"/>
    <property name="line.separator" value="&#10;"/>
    <property name="java.vm.specification.vendor" value="Oracle Corporation"/>
    <property name="java.specification.name" value="Java Platform API Specification"/>
    <property name="java.awt.graphicsenv" value="sun.awt.Win32GraphicsEnvironment"/>
    <property name="surefire.real.class.path" value="C:\Users\ljq\AppData\Local\Temp\surefire1258204307983884970\surefirebooter5945452004412888240.jar"/>
    <property name="sun.boot.class.path" value="D:\Program Files\Java\jdk1.8.0_144\jre\lib\resources.jar;D:\Program Files\Java\jdk1.8.0_144\jre\lib\rt.jar;D:\Program Files\Java\jdk1.8.0_144\jre\lib\sunrsasign.jar;D:\Program Files\Java\jdk1.8.0_144\jre\lib\jsse.jar;D:\Program Files\Java\jdk1.8.0_144\jre\lib\jce.jar;D:\Program Files\Java\jdk1.8.0_144\jre\lib\charsets.jar;D:\Program Files\Java\jdk1.8.0_144\jre\lib\jfr.jar;D:\Program Files\Java\jdk1.8.0_144\jre\classes"/>
    <property name="user.script" value=""/>
    <property name="sun.management.compiler" value="HotSpot 64-Bit Tiered Compilers"/>
    <property name="java.runtime.version" value="1.8.0_144-b01"/>
    <property name="user.name" value="ljq"/>
    <property name="path.separator" value=";"/>
    <property name="os.version" value="10.0"/>
    <property name="java.endorsed.dirs" value="D:\Program Files\Java\jdk1.8.0_144\jre\lib\endorsed"/>
    <property name="java.runtime.name" value="Java(TM) SE Runtime Environment"/>
    <property name="file.encoding" value="GBK"/>
    <property name="java.vm.name" value="Java HotSpot(TM) 64-Bit Server VM"/>
    <property name="localRepository" value="d:\maven\repository"/>
    <property name="java.vendor.url.bug" value="http://bugreport.sun.com/bugreport/"/>
    <property name="java.io.tmpdir" value="C:\Users\ljq\AppData\Local\Temp\"/>
    <property name="java.version" value="1.8.0_144"/>
    <property name="user.dir" value="D:\java\workspace\MyRPC\rpc-server\rpc-server-provider"/>
    <property name="os.arch" value="amd64"/>
    <property name="java.vm.specification.name" value="Java Virtual Machine Specification"/>
    <property name="java.awt.printerjob" value="sun.awt.windows.WPrinterJob"/>
    <property name="sun.os.patch.level" value=""/>
    <property name="idea.version2019.3.3" value="true"/>
    <property name="java.library.path" value="D:\Program Files\Java\jdk1.8.0_144\jre\bin;C:\WINDOWS\Sun\Java\bin;C:\WINDOWS\system32;C:\WINDOWS;D:\python\Scripts\;D:\python\;C:\Program Files (x86)\Common Files\Intel\Shared Libraries\redist\intel64\compiler;D:\Program Files\Java\jdk1.8.0_144\bin;D:\Program Files\Java\jdk1.8.0_144\jre\bin;\Program Files (x86)\NVIDIA Corporation\PhysX\Common;C:\WINDOWS\system32;C:\WINDOWS;C:\WINDOWS\System32\Wbem;C:\WINDOWS\System32\WindowsPowerShell\v1.0\;D:\Matlab_R2019a\runtime\win64;D:\Matlab_R2019a\bin;C:\WINDOWS\System32\OpenSSH\;D:\Matlab_R2019a\polyspace\bin;C:\Program Files\Intel\WiFi\bin\;C:\Program Files\Common Files\Intel\WirelessCommon\;C:\Program Files (x86)\Intel\Intel(R) Management Engine Components\DAL;C:\Program Files\Intel\Intel(R) Management Engine Components\DAL;D:\nodejs\;C:\ProgramData\chocolatey\bin;D:\maven\apache-maven-3.6.3-bin\bin;d:\90sp2\quartus\bin;D:\Git\cmd;C:\Users\ljq\AppData\Local\Microsoft\WindowsApps;d:\Program Files\Microsoft VS Code\bin;D:\python IDE\PyCharm Community Edition 2019.2.3\bin;C:\Users\ljq\AppData\Local\GitHubDesktop\bin;C:\Users\ljq\AppData\Roaming\npm;."/>
    <property name="java.vm.info" value="mixed mode"/>
    <property name="java.vendor" value="Oracle Corporation"/>
    <property name="java.vm.version" value="25.144-b01"/>
    <property name="java.ext.dirs" value="D:\Program Files\Java\jdk1.8.0_144\jre\lib\ext;C:\WINDOWS\Sun\Java\lib\ext"/>
    <property name="sun.io.unicode.encoding" value="UnicodeLittle"/>
    <property name="java.class.version" value="52.0"/>
  </properties>
  <testcase name="shouldAnswerWithTrue" classname="com.ljq.AppTest" time="0.001"/>
</testsuite>